This is pdfTeX, Version 3.1415926-2.3-1.40.12 (MiKTeX 2.9) (preloaded format=pdflatex 2016.5.27)  28 MAY 2016 22:03
entering extended mode
**C:/New*Dist*Assumption/Graduation*Project/ECCV2016-Workshop*on*Crowd*Understa
nding/Reinspect.report.cn/eccv2016submission.tex

("C:/New Dist Assumption/Graduation Project/ECCV2016-Workshop on Crowd Understa
nding/Reinspect.report.cn/eccv2016submission.tex"
LaTeX2e <2011/06/27>
Babel <v3.8m> and hyphenation patterns for loaded.

("C:\New Dist Assumption\Graduation Project\ECCV2016-Workshop on Crowd Understa
nding\Reinspect.report.cn\llncs.cls"
Document Class: llncs 2013/09/27 v2.18 
 LaTeX document class for Lecture Notes in Computer Science
(C:\CTEX\MiKTeX\tex\latex\base\article.cls
Document Class: article 2007/10/19 v1.4h Standard LaTeX document class
(C:\CTEX\MiKTeX\tex\latex\base\size10.clo
File: size10.clo 2007/10/19 v1.4h Standard LaTeX file (size option)
)
\c@part=\count79
\c@section=\count80
\c@subsection=\count81
\c@subsubsection=\count82
\c@paragraph=\count83
\c@subparagraph=\count84
\c@figure=\count85
\c@table=\count86
\abovecaptionskip=\skip41
\belowcaptionskip=\skip42
\bibindent=\dimen102
)
(C:\CTEX\MiKTeX\tex\latex\tools\multicol.sty
Package: multicol 2011/06/27 v1.7a multicolumn formatting (FMi)
\c@tracingmulticols=\count87
\mult@box=\box26
\multicol@leftmargin=\dimen103
\c@unbalance=\count88
\c@collectmore=\count89
\doublecol@number=\count90
\multicoltolerance=\count91
\multicolpretolerance=\count92
\full@width=\dimen104
\page@free=\dimen105
\premulticols=\dimen106
\postmulticols=\dimen107
\multicolsep=\skip43
\multicolbaselineskip=\skip44
\partial@page=\box27
\last@line=\box28
\mult@rightbox=\box29
\mult@grightbox=\box30
\mult@gfirstbox=\box31
\mult@firstbox=\box32
\@tempa=\box33
\@tempa=\box34
\@tempa=\box35
\@tempa=\box36
\@tempa=\box37
\@tempa=\box38
\@tempa=\box39
\@tempa=\box40
\@tempa=\box41
\@tempa=\box42
\@tempa=\box43
\@tempa=\box44
\@tempa=\box45
\@tempa=\box46
\@tempa=\box47
\@tempa=\box48
\@tempa=\box49
\c@columnbadness=\count93
\c@finalcolumnbadness=\count94
\last@try=\dimen108
\multicolovershoot=\dimen109
\multicolundershoot=\dimen110
\mult@nat@firstbox=\box50
\colbreak@box=\box51
\multicol@sort@counter=\count95
)
(C:\CTEX\MiKTeX\tex\latex\oberdiek\aliascnt.sty
Package: aliascnt 2009/09/08 v1.3 Alias counter (HO)

(C:\CTEX\MiKTeX\tex\latex\carlisle\remreset.sty))
\c@chapter=\count96
LaTeX Font Info:    Redeclaring math symbol \Gamma on input line 362.
LaTeX Font Info:    Redeclaring math symbol \Delta on input line 363.
LaTeX Font Info:    Redeclaring math symbol \Theta on input line 364.
LaTeX Font Info:    Redeclaring math symbol \Lambda on input line 365.
LaTeX Font Info:    Redeclaring math symbol \Xi on input line 366.
LaTeX Font Info:    Redeclaring math symbol \Pi on input line 367.
LaTeX Font Info:    Redeclaring math symbol \Sigma on input line 368.
LaTeX Font Info:    Redeclaring math symbol \Upsilon on input line 369.
LaTeX Font Info:    Redeclaring math symbol \Phi on input line 370.
LaTeX Font Info:    Redeclaring math symbol \Psi on input line 371.
LaTeX Font Info:    Redeclaring math symbol \Omega on input line 372.
\tocchpnum=\dimen111
\tocsecnum=\dimen112
\tocsectotal=\dimen113
\tocsubsecnum=\dimen114
\tocsubsectotal=\dimen115
\tocsubsubsecnum=\dimen116
\tocsubsubsectotal=\dimen117
\tocparanum=\dimen118
\tocparatotal=\dimen119
\tocsubparanum=\dimen120
\@tempcntc=\count97
\fnindent=\dimen121
\c@@inst=\count98
\c@@auth=\count99
\c@auco=\count100
\instindent=\dimen122
\authrun=\box52
\authorrunning=\toks14
\tocauthor=\toks15
\titrun=\box53
\titlerunning=\toks16
\toctitle=\toks17
\c@theorem=\count101
\c@case=\count102
\c@conjecture=\count103
\c@corollary=\count104
\c@definition=\count105
\c@example=\count106
\c@exercise=\count107
\c@lemma=\count108
\c@note=\count109
\c@problem=\count110
\c@property=\count111
\c@proposition=\count112
\c@question=\count113
\c@solution=\count114
\c@remark=\count115
\headlineindent=\dimen123
)
(C:\CTEX\MiKTeX\tex\latex\graphics\graphicx.sty
Package: graphicx 1999/02/16 v1.0f Enhanced LaTeX Graphics (DPC,SPQR)

(C:\CTEX\MiKTeX\tex\latex\graphics\keyval.sty
Package: keyval 1999/03/16 v1.13 key=value parser (DPC)
\KV@toks@=\toks18
)
(C:\CTEX\MiKTeX\tex\latex\graphics\graphics.sty
Package: graphics 2009/02/05 v1.0o Standard LaTeX Graphics (DPC,SPQR)

(C:\CTEX\MiKTeX\tex\latex\graphics\trig.sty
Package: trig 1999/03/16 v1.09 sin cos tan (DPC)
)
(C:\CTEX\MiKTeX\tex\latex\00miktex\graphics.cfg
File: graphics.cfg 2007/01/18 v1.5 graphics configuration of teTeX/TeXLive
)
Package graphics Info: Driver file: pdftex.def on input line 91.

(C:\CTEX\MiKTeX\tex\latex\pdftex-def\pdftex.def
File: pdftex.def 2011/05/27 v0.06d Graphics/color for pdfTeX

(C:\CTEX\MiKTeX\tex\generic\oberdiek\infwarerr.sty
Package: infwarerr 2010/04/08 v1.3 Providing info/warning/message (HO)
)
(C:\CTEX\MiKTeX\tex\generic\oberdiek\ltxcmds.sty
Package: ltxcmds 2011/04/18 v1.20 LaTeX kernel commands for general use (HO)
)
\Gread@gobject=\count116
))
\Gin@req@height=\dimen124
\Gin@req@width=\dimen125
)
(C:\CTEX\MiKTeX\tex\latex\ams\math\amsmath.sty
Package: amsmath 2000/07/18 v2.13 AMS math features
\@mathmargin=\skip45

For additional information on amsmath, use the `?' option.
(C:\CTEX\MiKTeX\tex\latex\ams\math\amstext.sty
Package: amstext 2000/06/29 v2.01

(C:\CTEX\MiKTeX\tex\latex\ams\math\amsgen.sty
File: amsgen.sty 1999/11/30 v2.0
\@emptytoks=\toks19
\ex@=\dimen126
))
(C:\CTEX\MiKTeX\tex\latex\ams\math\amsbsy.sty
Package: amsbsy 1999/11/29 v1.2d
\pmbraise@=\dimen127
)
(C:\CTEX\MiKTeX\tex\latex\ams\math\amsopn.sty
Package: amsopn 1999/12/14 v2.01 operator names
)
\inf@bad=\count117
LaTeX Info: Redefining \frac on input line 211.
\uproot@=\count118
\leftroot@=\count119
LaTeX Info: Redefining \overline on input line 307.
\classnum@=\count120
\DOTSCASE@=\count121
LaTeX Info: Redefining \ldots on input line 379.
LaTeX Info: Redefining \dots on input line 382.
LaTeX Info: Redefining \cdots on input line 467.
\Mathstrutbox@=\box54
\strutbox@=\box55
\big@size=\dimen128
LaTeX Font Info:    Redeclaring font encoding OML on input line 567.
LaTeX Font Info:    Redeclaring font encoding OMS on input line 568.


Package amsmath Warning: Unable to redefine math accent \vec.

\macc@depth=\count122
\c@MaxMatrixCols=\count123
\dotsspace@=\muskip10
\c@parentequation=\count124
\dspbrk@lvl=\count125
\tag@help=\toks20
\row@=\count126
\column@=\count127
\maxfields@=\count128
\andhelp@=\toks21
\eqnshift@=\dimen129
\alignsep@=\dimen130
\tagshift@=\dimen131
\tagwidth@=\dimen132
\totwidth@=\dimen133
\lineht@=\dimen134
\@envbody=\toks22
\multlinegap=\skip46
\multlinetaggap=\skip47
\mathdisplay@stack=\toks23
LaTeX Info: Redefining \[ on input line 2666.
LaTeX Info: Redefining \] on input line 2667.
) (C:\CTEX\MiKTeX\tex\latex\amsfonts\amssymb.sty
Package: amssymb 2009/06/22 v3.00

(C:\CTEX\MiKTeX\tex\latex\amsfonts\amsfonts.sty
Package: amsfonts 2009/06/22 v3.00 Basic AMSFonts support
\symAMSa=\mathgroup4
\symAMSb=\mathgroup5
LaTeX Font Info:    Overwriting math alphabet `\mathfrak' in version `bold'
(Font)                  U/euf/m/n --> U/euf/b/n on input line 96.
))
(C:\CTEX\MiKTeX\tex\latex\algorithms\algorithm.sty
Package: algorithm 2009/08/24 v0.1 Document Style `algorithm' - floating enviro
nment

(C:\CTEX\MiKTeX\tex\latex\float\float.sty
Package: float 2001/11/08 v1.3d Float enhancements (AL)
\c@float@type=\count129
\float@exts=\toks24
\float@box=\box56
\@float@everytoks=\toks25
\@floatcapt=\box57
)
(C:\CTEX\MiKTeX\tex\latex\base\ifthen.sty
Package: ifthen 2001/05/26 v1.1c Standard LaTeX ifthen package (DPC)
)
\@float@every@algorithm=\toks26
\c@algorithm=\count130
)
(C:\CTEX\MiKTeX\tex\latex\algorithmicx\algpseudocode.sty
Package: algpseudocode 

(C:\CTEX\MiKTeX\tex\latex\algorithmicx\algorithmicx.sty
Package: algorithmicx 2005/04/27 v1.2 Algorithmicx

Document Style algorithmicx 1.2 - a greatly improved `algorithmic' style
\c@ALG@line=\count131
\c@ALG@rem=\count132
\c@ALG@nested=\count133
\ALG@tlm=\skip48
\ALG@thistlm=\skip49
\c@ALG@Lnr=\count134
\c@ALG@blocknr=\count135
\c@ALG@storecount=\count136
\c@ALG@tmpcounter=\count137
\ALG@tmplength=\skip50
)
Document Style - pseudocode environments for use with the `algorithmicx' style
)
("C:\New Dist Assumption\Graduation Project\ECCV2016-Workshop on Crowd Understa
nding\Reinspect.report.cn\ruler.sty"
Package: ruler 

("C:\New Dist Assumption\Graduation Project\ECCV2016-Workshop on Crowd Understa
nding\Reinspect.report.cn\eso-pic.sty"
Package: eso-pic 2002/11/16 v1.1b eso-pic (RN)

("C:\New Dist Assumption\Graduation Project\ECCV2016-Workshop on Crowd Understa
nding\Reinspect.report.cn\cvpr_eso.sty"

LaTeX Warning: You have requested package `eso-pic',
               but the package provides `cvpr_eso'.

Package: cvpr_eso 2011/12/13 v1.00 CVPR ESO based on everyshi
))
\cvprrulerbox=\box58
\cvprrulercount=\count138
\cvprrulercounttmp=\count139
\cvprruleroffset=\dimen135
\cv@lineheight=\dimen136
\cv@boxheight=\dimen137
\cv@tmpbox=\box59
\cv@refno=\count140
\cv@tot=\count141
\cv@tmpc@=\count142
\cv@tmpc=\count143
) (C:\CTEX\MiKTeX\tex\latex\cjk\CJK.sty
Package: CJK 2008/12/29 4.8.2

(C:\CTEX\MiKTeX\tex\latex\cjk\mule\MULEenc.sty
Package: MULEenc 2008/12/29 4.8.2
)
(C:\CTEX\MiKTeX\tex\latex\cjk\CJK.enc
File: CJK.enc 2008/12/29 4.8.2
)
LaTeX Info: Redefining \selectfont on input line 756.
\CJK@indent=\box60
)
(C:\CTEX\MiKTeX\tex\latex\graphics\color.sty
Package: color 2005/11/14 v1.0j Standard LaTeX Color (DPC)

(C:\CTEX\MiKTeX\tex\latex\00miktex\color.cfg
File: color.cfg 2007/01/18 v1.5 color configuration of teTeX/TeXLive
)
Package color Info: Driver file: pdftex.def on input line 130.
)
(C:\CTEX\MiKTeX\tex\latex\geometry\geometry.sty
Package: geometry 2010/09/12 v5.6 Page Geometry

(C:\CTEX\MiKTeX\tex\generic\oberdiek\ifpdf.sty
Package: ifpdf 2011/01/30 v2.3 Provides the ifpdf switch (HO)
Package ifpdf Info: pdfTeX in PDF mode is detected.
)
(C:\CTEX\MiKTeX\tex\generic\oberdiek\ifvtex.sty
Package: ifvtex 2010/03/01 v1.5 Switches for detecting VTeX and its modes (HO)
Package ifvtex Info: VTeX not detected.
)
(C:\CTEX\MiKTeX\tex\generic\ifxetex\ifxetex.sty
Package: ifxetex 2010/09/12 v0.6 Provides ifxetex conditional
)
\Gm@cnth=\count144
\Gm@cntv=\count145
\c@Gm@tempcnt=\count146
\Gm@bindingoffset=\dimen138
\Gm@wd@mp=\dimen139
\Gm@odd@mp=\dimen140
\Gm@even@mp=\dimen141
\Gm@layoutwidth=\dimen142
\Gm@layoutheight=\dimen143
\Gm@layouthoffset=\dimen144
\Gm@layoutvoffset=\dimen145
\Gm@dimlist=\toks27

(C:\CTEX\MiKTeX\tex\latex\geometry\geometry.cfg))
("C:\New Dist Assumption\Graduation Project\ECCV2016-Workshop on Crowd Understa
nding\Reinspect.report.cn\eccv2016submission.aux"

LaTeX Warning: Label `fig:example' multiply defined.


LaTeX Warning: Label `fig:example' multiply defined.


LaTeX Warning: Label `fig:example' multiply defined.


LaTeX Warning: Label `fig:example' multiply defined.


LaTeX Warning: Label `fig:example' multiply defined.


LaTeX Warning: Label `fig:example' multiply defined.


LaTeX Warning: Label `fig:example' multiply defined.


LaTeX Warning: Label `fig:example' multiply defined.


LaTeX Warning: Label `fig:example' multiply defined.


LaTeX Warning: Label `fig:example' multiply defined.

)
LaTeX Font Info:    Checking defaults for OML/cmm/m/it on input line 13.
LaTeX Font Info:    ... okay on input line 13.
LaTeX Font Info:    Checking defaults for T1/cmr/m/n on input line 13.
LaTeX Font Info:    ... okay on input line 13.
LaTeX Font Info:    Checking defaults for OT1/cmr/m/n on input line 13.
LaTeX Font Info:    ... okay on input line 13.
LaTeX Font Info:    Checking defaults for OMS/cmsy/m/n on input line 13.
LaTeX Font Info:    ... okay on input line 13.
LaTeX Font Info:    Checking defaults for OMX/cmex/m/n on input line 13.
LaTeX Font Info:    ... okay on input line 13.
LaTeX Font Info:    Checking defaults for U/cmr/m/n on input line 13.
LaTeX Font Info:    ... okay on input line 13.
LaTeX Font Info:    Checking defaults for C00/song/m/n on input line 13.
LaTeX Font Info:    ... okay on input line 13.
LaTeX Font Info:    Checking defaults for C05/song/m/n on input line 13.
LaTeX Font Info:    ... okay on input line 13.
LaTeX Font Info:    Checking defaults for C09/song/m/n on input line 13.
LaTeX Font Info:    ... okay on input line 13.
LaTeX Font Info:    Checking defaults for C10/song/m/n on input line 13.
LaTeX Font Info:    ... okay on input line 13.
LaTeX Font Info:    Checking defaults for C20/song/m/n on input line 13.
LaTeX Font Info:    ... okay on input line 13.
LaTeX Font Info:    Checking defaults for C19/song/m/n on input line 13.
LaTeX Font Info:    ... okay on input line 13.
LaTeX Font Info:    Checking defaults for C40/song/m/n on input line 13.
LaTeX Font Info:    ... okay on input line 13.
LaTeX Font Info:    Checking defaults for C42/song/m/n on input line 13.
LaTeX Font Info:    ... okay on input line 13.
LaTeX Font Info:    Checking defaults for C43/song/m/n on input line 13.
LaTeX Font Info:    ... okay on input line 13.
LaTeX Font Info:    Checking defaults for C50/song/m/n on input line 13.
LaTeX Font Info:    ... okay on input line 13.
LaTeX Font Info:    Checking defaults for C52/song/m/n on input line 13.
LaTeX Font Info:    ... okay on input line 13.
LaTeX Font Info:    Checking defaults for C49/song/m/n on input line 13.
LaTeX Font Info:    ... okay on input line 13.
LaTeX Font Info:    Checking defaults for C60/mj/m/n on input line 13.
LaTeX Font Info:    ... okay on input line 13.
LaTeX Font Info:    Checking defaults for C61/mj/m/n on input line 13.
LaTeX Font Info:    ... okay on input line 13.
LaTeX Font Info:    Checking defaults for C63/mj/m/n on input line 13.
LaTeX Font Info:    ... okay on input line 13.
LaTeX Font Info:    Checking defaults for C64/mj/m/n on input line 13.
LaTeX Font Info:    ... okay on input line 13.
LaTeX Font Info:    Checking defaults for C65/mj/m/n on input line 13.
LaTeX Font Info:    ... okay on input line 13.
LaTeX Font Info:    Checking defaults for C70/song/m/n on input line 13.
LaTeX Font Info:    ... okay on input line 13.
LaTeX Font Info:    Checking defaults for C31/song/m/n on input line 13.
LaTeX Font Info:    ... okay on input line 13.
LaTeX Font Info:    Checking defaults for C32/song/m/n on input line 13.
LaTeX Font Info:    ... okay on input line 13.
LaTeX Font Info:    Checking defaults for C33/song/m/n on input line 13.
LaTeX Font Info:    ... okay on input line 13.
LaTeX Font Info:    Checking defaults for C34/song/m/n on input line 13.
LaTeX Font Info:    ... okay on input line 13.
LaTeX Font Info:    Checking defaults for C35/song/m/n on input line 13.
LaTeX Font Info:    ... okay on input line 13.
LaTeX Font Info:    Checking defaults for C36/song/m/n on input line 13.
LaTeX Font Info:    ... okay on input line 13.
LaTeX Font Info:    Checking defaults for C37/song/m/n on input line 13.
LaTeX Font Info:    ... okay on input line 13.
LaTeX Font Info:    Checking defaults for C80/song/m/n on input line 13.
LaTeX Font Info:    ... okay on input line 13.
LaTeX Font Info:    Checking defaults for C81/song/m/n on input line 13.
LaTeX Font Info:    ... okay on input line 13.
LaTeX Font Info:    Checking defaults for C01/song/m/n on input line 13.
LaTeX Font Info:    ... okay on input line 13.
LaTeX Font Info:    Checking defaults for C11/song/m/n on input line 13.
LaTeX Font Info:    ... okay on input line 13.
LaTeX Font Info:    Checking defaults for C21/song/m/n on input line 13.
LaTeX Font Info:    ... okay on input line 13.
LaTeX Font Info:    Checking defaults for C41/song/m/n on input line 13.
LaTeX Font Info:    ... okay on input line 13.
LaTeX Font Info:    Checking defaults for C62/song/m/n on input line 13.
LaTeX Font Info:    ... okay on input line 13.
 (C:\CTEX\MiKTeX\tex\context\base\supp-pdf.mkii
[Loading MPS to PDF converter (version 2006.09.02).]
\scratchcounter=\count147
\scratchdimen=\dimen146
\scratchbox=\box61
\nofMPsegments=\count148
\nofMParguments=\count149
\everyMPshowfont=\toks28
\MPscratchCnt=\count150
\MPscratchDim=\dimen147
\MPnumerator=\count151
\makeMPintoPDFobject=\count152
\everyMPtoPDFconversion=\toks29
) ABD: EveryShipout initializing macros
*geometry* driver: auto-detecting
*geometry* detected driver: pdftex
*geometry* verbose mode - [ preamble ] result:
* driver: pdftex
* paper: custom
* layout: <same size as paper>
* layoutoffset:(h,v)=(0.0pt,0.0pt)
* modes: twoside 
* h-part:(L,W,R)=(34.1433pt, 347.12361pt, 34.14333pt)
* v-part:(T,H,B)=(34.1433pt, 549.13818pt, 34.14331pt)
* \paperwidth=415.41023pt
* \paperheight=617.42479pt
* \textwidth=347.12361pt
* \textheight=549.13818pt
* \oddsidemargin=-38.1267pt
* \evensidemargin=-38.12666pt
* \topmargin=-66.1267pt
* \headheight=12.0pt
* \headsep=16.0pt
* \topskip=10.0pt
* \footskip=30.0pt
* \marginparwidth=90.0pt
* \marginparsep=11.0pt
* \columnsep=10.0pt
* \skip\footins=9.0pt plus 4.0pt minus 2.0pt
* \hoffset=0.0pt
* \voffset=0.0pt
* \mag=1000
* \@twocolumnfalse
* \@twosidetrue
* \@mparswitchtrue
* \@reversemarginfalse
* (1in=72.27pt=25.4mm, 1cm=28.453pt)

LaTeX Font Info:    Try loading font information for U+msa on input line 32.
(C:\CTEX\MiKTeX\tex\latex\amsfonts\umsa.fd
File: umsa.fd 2009/06/22 v3.00 AMS symbols A
)
LaTeX Font Info:    Try loading font information for U+msb on input line 32.

(C:\CTEX\MiKTeX\tex\latex\amsfonts\umsb.fd
File: umsb.fd 2009/06/22 v3.00 AMS symbols B
)
(C:\CTEX\MiKTeX\tex\latex\cjk\standard.bdg
File: standard.bdg 2008/12/29 4.8.2
)
(C:\CTEX\MiKTeX\tex\latex\cjk\extended.enc
File: extended.enc 2008/12/29 4.8.2
)
(C:\CTEX\MiKTeX\tex\latex\cjk\extended.chr
File: extended.chr 2008/12/29 4.8.2
)
LaTeX Font Info:    Try loading font information for C19+song on input line 37.


(C:\CTEX\CTeX\tex\latex\CJK\GB\c19song.fd
File: c19song.fd 2009/09/23 4.8.2
) [1{C:/CTEX/UserData/pdftex/config/pdftex.map{Unicode.sfd}{UGBK.sfd}}


]
Underfull \vbox (badness 1371) has occurred while \output is active []

LaTeX Font Info:    Try loading font information for C19+cmss on input line 69.

LaTeX Font Info:    No file C19cmss.fd. on input line 69.


LaTeX Font Warning: Font shape `C19/cmss/m/n' undefined
(Font)              using `C19/song/m/n' instead on input line 69.

[2]
Overfull \hbox (8.43202pt too wide) in paragraph at lines 75--76
[]\C19/song/m/n/10/60 N \C19/song/m/n/10/40 ı \C19/song/m/n/10/38 | \C19/song/m
/n/10/46 µ \C19/song/m/n/10/53 [ \C19/song/m/n/10/61 £ \C19/song/m/n/10/40  \C
19/song/m/n/10/42 Û \C19/song/m/n/10/65 ä \C19/song/m/n/10/64 ó \C19/song/m/n/1
0/48 Â \C19/song/m/n/10/62 u \C19/song/m/n/10/63 È \C19/song/m/n/10/40  \C19/s
ong/m/n/10/63  \C19/song/m/n/10/38 | \C19/song/m/n/10/46 µ \C19/song/m/n/10/43
 ⁄ \C19/song/m/n/10/39 ñ \C19/song/m/n/10/53 [ \C19/song/m/n/10/61 £ \C19/song/
m/n/10/38 | \C19/song/m/n/10/46 µ \C19/song/m/n/10/64 É \C19/cmss/m/n/10/45 m \
C19/song/m/n/10/40  \C19/song/m/n/10/43  \C19/song/m/n/10/57 ” A \C19/song/m/
n/10/64  \C19/song/m/n/10/25 "\OT1/cmr/m/n/10 Saenko
 []

[3] [4] <images/fastrcnn.png, id=54, 727.21687pt x 289.83281pt>
File: images/fastrcnn.png Graphic file (type png)

<use images/fastrcnn.png>
Package pdftex.def Info: images/fastrcnn.png used on input line 107.
(pdftex.def)             Requested size: 321.2525pt x 128.0374pt.
 [5 <C:/New Dist Assumption/Graduation Project/ECCV2016-Workshop on Crowd Under
standing/Reinspect.report.cn/images/fastrcnn.png>]
<images/fastrcnnresult.png, id=60, 724.05084pt x 325.5527pt>
File: images/fastrcnnresult.png Graphic file (type png)

<use images/fastrcnnresult.png>
Package pdftex.def Info: images/fastrcnnresult.png used on input line 127.
(pdftex.def)             Requested size: 348.04866pt x 156.49014pt.

Overfull \hbox (0.92505pt too wide) in paragraph at lines 127--128
 [][] 
 []

[6 <C:/New Dist Assumption/Graduation Project/ECCV2016-Workshop on Crowd Unders
tanding/Reinspect.report.cn/images/fastrcnnresult.png>]
<images/rnn.png, id=65, 648.17157pt x 249.93375pt>
File: images/rnn.png Graphic file (type png)
 <use images/rnn.png>
Package pdftex.def Info: images/rnn.png used on input line 141.
(pdftex.def)             Requested size: 332.05656pt x 128.0374pt.

<images/lstm.png, id=66, 680.5425pt x 510.40688pt>
File: images/lstm.png Graphic file (type png)
 <use images/lstm.png>
Package pdftex.def Info: images/lstm.png used on input line 159.
(pdftex.def)             Requested size: 170.71672pt x 128.0374pt.

[7 <C:/New Dist Assumption/Graduation Project/ECCV2016-Workshop on Crowd Unders
tanding/Reinspect.report.cn/images/rnn.png>] [8 <C:/New Dist Assumption/Graduat
ion Project/ECCV2016-Workshop on Crowd Understanding/Reinspect.report.cn/images
/lstm.png>] [9] [10]
Overfull \hbox (48.32103pt too wide) in paragraph at lines 222--223
[]\C19/song/m/n/10/54 X \C19/song/bx/n/10/43 J \C19/song/bx/n/10/45 Ú \C19/cmss
/m/n/10/46 Œ \C19/song/m/n/10/38 | \C19/cmss/m/n/10/46 µ \C19/song/bx/n/10/60 ‘
 \C19/song/bx/n/10/48 ˆ \C19/song/bx/n/10/40  \C19/song/bx/n/10/55   \C19/cmss
/m/n/10/46 ≤ \C19/song/bx/n/10/58  \C19/song/bx/n/10/49 ‰ \C19/song/m/n/10/64 
Ü \C19/cmss/m/n/10/46  \C19/song/bx/n/10/45 u \C19/song/bx/n/10/37 ˇ \C19/song
/bx/n/10/60 # \C19/song/m/n/10/38 | \C19/cmss/m/n/10/46 µ \C19/song/m/n/10/26 ß
 \C19/song/bx/n/10/51 @ \C19/song/m/n/10/50 o \C19/song/m/n/10/52 Ÿ\OT1/cmr/m/n
/10 precision\C19/song/bx/n/10/58 è$\OT1/cmr/m/n/10 91%$\C19/song/m/n/10/26 ß\O
T1/cmr/m/n/10 recall\C19/song/bx/n/10/58 è$\OT1/cmr/m/n/10 18%$\C19/song/m/n/10
/26 ß
 []

[11] [12] <images/streams.png, id=97, 455.45157pt x 210.7875pt>
File: images/streams.png Graphic file (type png)

<use images/streams.png>
Package pdftex.def Info: images/streams.png used on input line 245.
(pdftex.def)             Requested size: 276.65752pt x 128.0374pt.
 [13 <C:/New Dist Assumption/Graduation Project/ECCV2016-Workshop on Crowd Unde
rstanding/Reinspect.report.cn/images/streams.png>]
<images/dummyimage.png, id=106, 503.63156pt x 188.20313pt>
File: images/dummyimage.png Graphic file (type png)

<use images/dummyimage.png>
Package pdftex.def Info: images/dummyimage.png used on input line 270.
(pdftex.def)             Requested size: 342.64935pt x 128.0374pt.
 [14 <C:/New Dist Assumption/Graduation Project/ECCV2016-Workshop on Crowd Unde
rstanding/Reinspect.report.cn/images/dummyimage.png>]
Underfull \vbox (badness 5607) has occurred while \output is active []

 [15]
<images/mmd.png, id=116, 481.8pt x 361.35pt>
File: images/mmd.png Graphic file (type png)
 <use images/mmd.png>
Package pdftex.def Info: images/mmd.png used on input line 329.
(pdftex.def)             Requested size: 170.71304pt x 128.0374pt.
 [16 <C:/New Dist Assumption/Graduation Project/ECCV2016-Workshop on Crowd Unde
rstanding/Reinspect.report.cn/images/mmd.png>]
<images/fullconnectlayers.png, id=121, 377.91188pt x 154.32657pt>
File: images/fullconnectlayers.png Graphic file (type png)

<use images/fullconnectlayers.png>
Package pdftex.def Info: images/fullconnectlayers.png used on input line 352.
(pdftex.def)             Requested size: 313.56297pt x 128.0374pt.

<images/precisionrecall.png, id=122, 499.11469pt x 282.30469pt>
File: images/precisionrecall.png Graphic file (type png)

<use images/precisionrecall.png>
Package pdftex.def Info: images/precisionrecall.png used on input line 367.
(pdftex.def)             Requested size: 226.37402pt x 128.0374pt.
 [17] [18 <C:/New Dist Assumption/Graduation Project/ECCV2016-Workshop on Crowd
 Understanding/Reinspect.report.cn/images/fullconnectlayers.png> <C:/New Dist A
ssumption/Graduation Project/ECCV2016-Workshop on Crowd Understanding/Reinspect
.report.cn/images/precisionrecall.png>]
Overfull \hbox (2.87656pt too wide) in paragraph at lines 378--379
\C19/song/bx/n/10/43 π \C19/song/bx/n/10/49 
\OT1/cmr/m/n/10 3\C19/song/m/n/10/42 á \C19/song/bx/n/10/39 ñ \C19/song/bx/n/10
/53 [ \C19/song/bx/n/10/61 £ \C19/song/bx/n/10/38 | \C19/cmss/m/n/10/46 µ \C19/
cmss/m/n/10/40  \C19/song/bx/n/10/55 Í \C19/cmss/m/n/10/46 ‚ \C19/song/bx/n/10
/45 8 \C19/song/m/n/10/25 " \C19/song/bx/n/10/63 ˘ \C19/song/m/n/10/54 n \C19/s
ong/m/n/10/42 á \C19/song/bx/n/10/39 ñ \C19/song/bx/n/10/53 [ \C19/song/bx/n/10
/61 £ \C19/song/bx/n/10/38 | \C19/cmss/m/n/10/46 µ \C19/song/bx/n/10/41 © \C19/
song/bx/n/10/37 O \C19/song/m/n/10/36 ù \C19/song/bx/n/10/43 π \C19/song/bx/n/1
0/49 
\OT1/cmr/m/n/10 1308\C19/song/m/n/10/26 ß\OT1/cmr/m/n/10 1213\C19/song/bx/n/10/
43 ⁄\OT1/cmr/m/n/10 331\C19/song/bx/n/10/63 ‹
 []

[19] [20] <images/officeimages.png, id=138, 493.845pt x 164.11313pt>
File: images/officeimages.png Graphic file (type png)

<use images/officeimages.png>
Package pdftex.def Info: images/officeimages.png used on input line 446.
(pdftex.def)             Requested size: 342.47902pt x 113.81102pt.
 [21 <C:/New Dist Assumption/Graduation Project/ECCV2016-Workshop on Crowd Unde
rstanding/Reinspect.report.cn/images/officeimages.png>] [22] <images/detectionr
esult.png, id=147, 1047.915pt x 1178.4828pt>
File: images/detectionresult.png Graphic file (type png)

<use images/detectionresult.png>
Package pdftex.def Info: images/detectionresult.png used on input line 503.
(pdftex.def)             Requested size: 328.89572pt x 369.88582pt.

("C:\New Dist Assumption\Graduation Project\ECCV2016-Workshop on Crowd Understa
nding\Reinspect.report.cn\eccv2016submission.bbl" [23] [24 <C:/New Dist Assumpt
ion/Graduation Project/ECCV2016-Workshop on Crowd Understanding/Reinspect.repor
t.cn/images/detectionresult.png

pdfTeX warning: pdflatex.exe (file C:/New Dist Assumption/Graduation Project/EC
CV2016-Workshop on Crowd Understanding/Reinspect.report.cn/images/detectionresu
lt.png): large interlaced PNG might cause out of memory (use non-interlaced PNG
 to fix this)
>] [25]) [26]
("C:\New Dist Assumption\Graduation Project\ECCV2016-Workshop on Crowd Understa
nding\Reinspect.report.cn\eccv2016submission.aux")

LaTeX Font Warning: Some font shapes were not available, defaults substituted.


LaTeX Warning: There were multiply-defined labels.

 ) 
Here is how much of TeX's memory you used:
 5837 strings out of 495354
 80601 string characters out of 3183859
 165976 words of memory out of 3000000
 8857 multiletter control sequences out of 15000+200000
 39823 words of font info for 139 fonts, out of 3000000 for 9000
 14 hyphenation exceptions out of 8191
 40i,10n,41p,1649b,591s stack positions out of 5000i,500n,10000p,200000b,50000s
<C:/CTEX/CTeX/fonts/truetype/chinese/simsun.ttf><C:/CTEX/CTeX/fonts/truetype/
chinese/simsun.ttf><C:/CTEX/CTeX/fonts/truetype/chinese/simsun.ttf><C:/CTEX/CTe
X/fonts/truetype/chinese/simsun.ttf><C:/CTEX/CTeX/fonts/truetype/chinese/simsun
.ttf><C:/CTEX/CTeX/fonts/truetype/chinese/simsun.ttf><C:/CTEX/CTeX/fonts/truety
pe/chinese/simsun.ttf><C:/CTEX/CTeX/fonts/truetype/chinese/simsun.ttf><C:/CTEX/
CTeX/fonts/truetype/chinese/simsun.ttf><C:/CTEX/CTeX/fonts/truetype/chinese/sim
sun.ttf><C:/CTEX/CTeX/fonts/truetype/chinese/simsun.ttf><C:/CTEX/CTeX/fonts/tru
etype/chinese/simsun.ttf><C:/CTEX/CTeX/fonts/truetype/chinese/simsun.ttf><C:/CT
EX/CTeX/fonts/truetype/chinese/simsun.ttf><C:/CTEX/CTeX/fonts/truetype/chinese/
simsun.ttf><C:/CTEX/CTeX/fonts/truetype/chinese/simsun.ttf><C:/CTEX/CTeX/fonts/
truetype/chinese/simsun.ttf><C:/CTEX/CTeX/fonts/truetype/chinese/simsun.ttf><C:
/CTEX/CTeX/fonts/truetype/chinese/simsun.ttf><C:/CTEX/CTeX/fonts/truetype/chine
se/simsun.ttf><C:/CTEX/CTeX/fonts/truetype/chinese/simsun.ttf><C:/CTEX/CTeX/fon
ts/truetype/chinese/simsun.ttf><C:/CTEX/CTeX/fonts/truetype/chinese/simsun.ttf>
<C:/CTEX/CTeX/fonts/truetype/chinese/simsun.ttf><C:/CTEX/CTeX/fonts/truetype/ch
inese/simsun.ttf><C:/CTEX/CTeX/fonts/truetype/chinese/simsun.ttf><C:/CTEX/CTeX/
fonts/truetype/chinese/simsun.ttf><C:/CTEX/CTeX/fonts/truetype/chinese/simsun.t
tf><C:/CTEX/CTeX/fonts/truetype/chinese/simsun.ttf><C:/CTEX/CTeX/fonts/truetype
/chinese/simsun.ttf><C:/CTEX/CTeX/fonts/truetype/chinese/simsun.ttf><C:/CTEX/CT
eX/fonts/truetype/chinese/simsun.ttf><C:/CTEX/CTeX/fonts/truetype/chinese/simsu
n.ttf><C:/CTEX/CTeX/fonts/truetype/chinese/simsun.ttf><C:/CTEX/MiKTeX/fonts/typ
e1/public/amsfonts/cm/cmbx10.pfb><C:/CTEX/MiKTeX/fonts/type1/public/amsfonts/cm
/cmbx12.pfb><C:/CTEX/MiKTeX/fonts/type1/public/amsfonts/cm/cmbx9.pfb><C:/CTEX/M
iKTeX/fonts/type1/public/amsfonts/cm/cmcsc10.pfb><C:/CTEX/MiKTeX/fonts/type1/pu
blic/amsfonts/cm/cmex10.pfb><C:/CTEX/MiKTeX/fonts/type1/public/amsfonts/cm/cmmi
10.pfb><C:/CTEX/MiKTeX/fonts/type1/public/amsfonts/cm/cmmi5.pfb><C:/CTEX/MiKTeX
/fonts/type1/public/amsfonts/cm/cmmi6.pfb><C:/CTEX/MiKTeX/fonts/type1/public/am
sfonts/cm/cmmi7.pfb><C:/CTEX/MiKTeX/fonts/type1/public/amsfonts/cm/cmmi9.pfb><C
:/CTEX/MiKTeX/fonts/type1/public/amsfonts/cm/cmmib10.pfb><C:/CTEX/MiKTeX/fonts/
type1/public/amsfonts/cm/cmr10.pfb><C:/CTEX/MiKTeX/fonts/type1/public/amsfonts/
cm/cmr6.pfb><C:/CTEX/MiKTeX/fonts/type1/public/amsfonts/cm/cmr7.pfb><C:/CTEX/Mi
KTeX/fonts/type1/public/amsfonts/cm/cmr9.pfb><C:/CTEX/MiKTeX/fonts/type1/public
/amsfonts/cm/cmss10.pfb><C:/CTEX/MiKTeX/fonts/type1/public/amsfonts/cm/cmss8.pf
b><C:/CTEX/MiKTeX/fonts/type1/public/amsfonts/cm/cmss9.pfb><C:/CTEX/MiKTeX/font
s/type1/public/amsfonts/cm/cmsy10.pfb><C:/CTEX/MiKTeX/fonts/type1/public/amsfon
ts/cm/cmsy7.pfb><C:/CTEX/MiKTeX/fonts/type1/public/amsfonts/cm/cmsy9.pfb><C:/CT
EX/MiKTeX/fonts/type1/public/amsfonts/cm/cmti9.pfb>
Output written on eccv2016submission.pdf (26 pages, 12225044 bytes).
PDF statistics:
 332 PDF objects out of 1000 (max. 8388607)
 0 named destinations out of 1000 (max. 500000)
 56 words of extra memory for PDF output out of 10000 (max. 10000000)

